<?xml version="1.0" encoding="UTF-8"?>
<!-- Generated by org.testng.reporters.JUnitXMLReporter -->
<testsuite ignored="0" hostname="DESKTOP-5VPG43M" failures="1" tests="4" name="Dependency Test" time="0.03" errors="0" timestamp="24 Jul 2020 04:03:45 GMT">
  <testcase classname="testcases.TestCase3" name="doUserReg" time="0.005">
    <failure type="java.lang.AssertionError" message="User is not registered successfully.">
      <![CDATA[java.lang.AssertionError: User is not registered successfully.
at testcases.TestCase3.doUserReg(TestCase3.java:11)
... Removed 26 stack frames]]>
    </failure>
  </testcase> <!-- doUserReg -->
  <testcase classname="testcases.TestCase3" name="doLogin" time="0.0">
    <skipped/>
  </testcase> <!-- doLogin -->
  <testcase classname="testcases.TestCase3" name="thirdTest" time="0.005"/>
  <testcase classname="testcases.TestCase3" name="fourthTest" time="0.002"/>
</testsuite> <!-- Dependency Test -->
