<?xml version="1.0" encoding="UTF-8"?>
<!-- Generated by org.testng.reporters.JUnitXMLReporter -->
<testsuite hostname="DESKTOP-5VPG43M" ignored="0" name="Failure Test" tests="1" failures="1" timestamp="01 Aug 2020 16:01:24 GMT" time="0.007" errors="0">
  <testcase name="doLogin" time="0.002" classname="testcases.TestFailure">
    <failure type="java.lang.AssertionError" message="Failing the Login Test">
      <![CDATA[java.lang.AssertionError: Failing the Login Test
at testcases.TestFailure.doLogin(TestFailure.java:10)
... Removed 26 stack frames]]>
    </failure>
  </testcase> <!-- doLogin -->
</testsuite> <!-- Failure Test -->
