<?xml version="1.0" encoding="UTF-8"?>
<!-- Generated by org.testng.reporters.JUnitXMLReporter -->
<testsuite ignored="0" hostname="DESKTOP-5VPG43M" failures="1" tests="1" name="Failure Test" time="0.007" errors="0" timestamp="04 Jul 2020 05:52:26 GMT">
  <testcase classname="testcases.TestFailure" name="doLogin" time="0.002">
    <failure type="java.lang.AssertionError" message="Failing the Login Test">
      <![CDATA[java.lang.AssertionError: Failing the Login Test
at testcases.TestFailure.doLogin(TestFailure.java:10)
... Removed 26 stack frames]]>
    </failure>
  </testcase> <!-- doLogin -->
</testsuite> <!-- Failure Test -->
