<?xml version="1.0" encoding="UTF-8"?>
<!-- Generated by org.testng.reporters.JUnitXMLReporter -->
<testsuite hostname="DESKTOP-5VPG43M" ignored="0" name="Validate Test" tests="1" failures="1" timestamp="06 Aug 2020 16:07:05 GMT" time="0.125" errors="0">
  <testcase name="validateTitles" time="0.095" classname="testcases.TestCase2">
    <failure type="java.lang.AssertionError" message="The following asserts failed:
	expected [Yahoo.com] but found [Gmail.com],
	Image not present. expected [false] but found [true],
	Text box not present. expected [false] but found [true]">
      <![CDATA[java.lang.AssertionError: The following asserts failed:
expected [Yahoo.com] but found [Gmail.com],
Image not present. expected [false] but found [true],
Text box not present. expected [false] but found [true]
at testcases.TestCase2.validateTitles(TestCase2.java:41)
... Removed 26 stack frames]]>
    </failure>
  </testcase> <!-- validateTitles -->
</testsuite> <!-- Validate Test -->
