<?xml version="1.0" encoding="UTF-8"?>
<!-- Generated by org.testng.reporters.JUnitXMLReporter -->
<testsuite ignored="0" hostname="DESKTOP-5VPG43M" failures="0" tests="4" name="Default test" time="1.409" errors="0" timestamp="06 Jul 2020 08:49:51 GMT">
  <testcase classname="parameterization.TestNGParameterizationExcel" name="testData" time="0.022"/>
  <testcase classname="parameterization.TestNGParameterizationExcel" name="testData" time="0.006"/>
  <testcase classname="parameterization.TestNGParameterizationExcel" name="testData" time="0.008"/>
  <testcase classname="parameterization.TestNGParameterizationExcel" name="testData" time="0.003"/>
</testsuite> <!-- Default test -->
