<?xml version="1.0" encoding="UTF-8"?>
<!-- Generated by org.testng.reporters.JUnitXMLReporter -->
<testsuite ignored="0" hostname="DESKTOP-5VPG43M" failures="0" tests="4" name="Default test" time="0.154" errors="0" timestamp="2020-07-01T17:53:37 PST">
  <testcase classname="testcases.TestCase3" name="doUserReg" time="0.016"/>
  <testcase classname="testcases.TestCase3" name="doLogin" time="0.003"/>
  <testcase classname="testcases.TestCase3" name="thirdTest" time="0.003"/>
  <testcase classname="testcases.TestCase3" name="fourthTest" time="0.002"/>
</testsuite> <!-- Default test -->
