<?xml version="1.0" encoding="UTF-8"?>
<!-- Generated by org.testng.reporters.JUnitXMLReporter -->
<testsuite ignored="0" hostname="DESKTOP-5VPG43M" failures="1" tests="3" name="Login" time="0.13" errors="0" timestamp="13 Jul 2020 02:38:29 GMT">
  <testcase classname="retry.TestLogin" name="doLogin" time="0.024"/>
  <testcase classname="retry.TestLogin" name="registerUsers" time="0.006">
    <skipped/>
  </testcase> <!-- registerUsers -->
  <testcase classname="retry.TestLogin" name="registerUsers" time="0.004">
    <failure type="java.lang.AssertionError" message="Execution Failed While Registering a User">
      <![CDATA[java.lang.AssertionError: Execution Failed While Registering a User
at retry.TestLogin.registerUsers(TestLogin.java:18)
... Removed 26 stack frames]]>
    </failure>
  </testcase> <!-- registerUsers -->
</testsuite> <!-- Login -->
