<?xml version="1.0" encoding="UTF-8"?>
<!-- Generated by org.testng.reporters.JUnitXMLReporter -->
<testsuite ignored="0" hostname="DESKTOP-5VPG43M" failures="0" tests="1" name="Login Test" time="0.046" errors="0" timestamp="11 Jul 2020 10:02:11 GMT">
  <testcase classname="testNGListenerOnFailure.TestBase" name="@BeforeSuite setUp" time="0.642">
    <failure type="java.lang.IllegalStateException" message="The path to the driver executable must be set by the webdriver.gecko.driver system property; for more information, see https://github.com/mozilla/geckodriver. The latest version can be downloaded from https://github.com/mozilla/geckodriver/releases">
      <![CDATA[java.lang.IllegalStateException: The path to the driver executable must be set by the webdriver.gecko.driver system property; for more information, see https://github.com/mozilla/geckodriver. The latest version can be downloaded from https://github.com/mozilla/geckodriver/releases
at com.google.common.base.Preconditions.checkState(Preconditions.java:843)
at org.openqa.selenium.remote.service.DriverService.findExecutable(DriverService.java:134)
at org.openqa.selenium.firefox.GeckoDriverService.access$100(GeckoDriverService.java:44)
at org.openqa.selenium.firefox.GeckoDriverService$Builder.findDefaultExecutable(GeckoDriverService.java:167)
at org.openqa.selenium.remote.service.DriverService$Builder.build(DriverService.java:355)
at org.openqa.selenium.firefox.FirefoxDriver.toExecutor(FirefoxDriver.java:190)
at org.openqa.selenium.firefox.FirefoxDriver.<init>(FirefoxDriver.java:147)
at org.openqa.selenium.firefox.FirefoxDriver.<init>(FirefoxDriver.java:125)
at testNGListenerOnFailure.TestBase.setUp(TestBase.java:17)
... Removed 20 stack frames]]>
    </failure>
  </testcase> <!-- @BeforeSuite setUp -->
  <testcase classname="testNGListenerOnFailure.LoginTest" name="doLogin" time="0.0">
    <skipped/>
  </testcase> <!-- doLogin -->
</testsuite> <!-- Login Test -->
