<?xml version="1.0" encoding="UTF-8"?>
<!-- Generated by org.testng.reporters.JUnitXMLReporter -->
<testsuite ignored="0" hostname="DESKTOP-5VPG43M" failures="1" tests="1" name="Login Test" time="0.177" errors="0" timestamp="11 Jul 2020 16:27:53 GMT">
  <testcase classname="testNGListenerOnFailure.LoginTest" name="doLogin" time="0.025">
    <failure type="java.lang.NullPointerException">
      <![CDATA[java.lang.NullPointerException
at testNGListenerOnFailure.LoginTest.doLogin(LoginTest.java:12)
... Removed 25 stack frames]]>
    </failure>
  </testcase> <!-- doLogin -->
</testsuite> <!-- Login Test -->
