<?xml version="1.0" encoding="UTF-8"?>
<!-- Generated by org.testng.reporters.JUnitXMLReporter -->
<testsuite ignored="0" hostname="DESKTOP-5VPG43M" failures="1" tests="1" name="Regression Validate Title Test" time="0.013" errors="0" timestamp="04 Jul 2020 03:08:18 GMT">
  <testcase classname="regression.TestCase2" name="validateTitles" time="0.008">
    <failure type="java.lang.AssertionError" message="The following asserts failed:
	expected [Yahoo.com] but found [Gmail.com],
	Image not present. expected [false] but found [true],
	Text box not present. expected [false] but found [true]">
      <![CDATA[java.lang.AssertionError: The following asserts failed:
expected [Yahoo.com] but found [Gmail.com],
Image not present. expected [false] but found [true],
Text box not present. expected [false] but found [true]
at regression.TestCase2.validateTitles(TestCase2.java:42)
... Removed 27 stack frames]]>
    </failure>
  </testcase> <!-- validateTitles -->
</testsuite> <!-- Regression Validate Title Test -->
