<?xml version="1.0" encoding="UTF-8"?>
<testng-results ignored="0" total="2" passed="2" failed="0" skipped="0">
  <reporter-output>
  </reporter-output>
  <suite started-at="2020-07-09T02:09:49Z" name="Parallel Suite" finished-at="2020-07-09T02:09:51Z" duration-ms="2078">
    <groups>
    </groups>
    <test started-at="2020-07-09T02:09:49Z" name="Firefox Test" finished-at="2020-07-09T02:09:51Z" duration-ms="2078">
      <class name="parallelTest.TestBrowser">
        <test-method signature="doLogin(java.lang.String)[pri:0, instance:parallelTest.TestBrowser@54c5a2ff]" started-at="2020-07-09T02:09:49Z" name="doLogin" finished-at="2020-07-09T02:09:51Z" duration-ms="2020" status="PASS">
          <params>
            <param index="0">
              <value>
                <![CDATA[firefox]]>
              </value>
            </param>
          </params>
          <reporter-output>
          </reporter-output>
        </test-method> <!-- doLogin -->
      </class> <!-- parallelTest.TestBrowser -->
    </test> <!-- Firefox Test -->
    <test started-at="2020-07-09T02:09:49Z" name="Chrome Test" finished-at="2020-07-09T02:09:51Z" duration-ms="2077">
      <class name="parallelTest.TestBrowser">
        <test-method signature="doLogin(java.lang.String)[pri:0, instance:parallelTest.TestBrowser@795509d9]" started-at="2020-07-09T02:09:49Z" name="doLogin" finished-at="2020-07-09T02:09:51Z" duration-ms="2020" status="PASS">
          <params>
            <param index="0">
              <value>
                <![CDATA[chrome]]>
              </value>
            </param>
          </params>
          <reporter-output>
          </reporter-output>
        </test-method> <!-- doLogin -->
      </class> <!-- parallelTest.TestBrowser -->
    </test> <!-- Chrome Test -->
  </suite> <!-- Parallel Suite -->
</testng-results>
